<?xml version="1.0" encoding="UTF-8"?>
<testng-results ignored="0" total="1" passed="1" failed="0" skipped="0">
  <reporter-output>
  </reporter-output>
  <suite started-at="2023-11-14T17:36:36 PKT" name="Surefire suite" finished-at="2023-11-14T17:36:36 PKT" duration-ms="35">
    <groups>
    </groups>
    <test started-at="2023-11-14T17:36:36 PKT" name="Surefire test" finished-at="2023-11-14T17:36:36 PKT" duration-ms="35">
      <class name="autmation.firstProject.AppTest">
        <test-method signature="shouldAnswerWithTrue()" started-at="2023-11-14T17:36:36 PKT" name="shouldAnswerWithTrue" finished-at="2023-11-14T17:36:36 PKT" duration-ms="4" status="PASS">
          <reporter-output>
          </reporter-output>
        </test-method> <!-- shouldAnswerWithTrue -->
      </class> <!-- autmation.firstProject.AppTest -->
    </test> <!-- Surefire test -->
  </suite> <!-- Surefire suite -->
</testng-results>
