<?xml version="1.0" encoding="UTF-8"?>
<!-- Generated by org.testng.reporters.JUnitXMLReporter -->
<testsuite ignored="0" hostname="Panadol-Extra" failures="0" tests="4" name="Surefire test" time="5.767" errors="0" timestamp="2023-11-14T17:23:02 PKT">
  <testcase classname="testCases.RegisterTest" name="openBRoswser" time="5.726"/>
  <testcase classname="testCases.RegisterTest" name="LoginBtnTest1" time="0.0"/>
  <testcase classname="testCases.RegisterTest" name="LoginBtnTest2" time="0.0"/>
  <testcase classname="testCases.RegisterTest" name="LoginBtnTest3" time="0.0"/>
</testsuite> <!-- Surefire test -->
